<?xml version="1.0" encoding="UTF-8"?>
<!-- Generated by org.testng.reporters.JUnitReportReporter -->
<testsuite hostname="DESKTOP-VCI8GB7" failures="0" tests="1" name="com.reqres.requests.SingleUser" time="1.931" errors="0" timestamp="08 May 2022 11:12:41 GMT" skipped="0">
  <testcase classname="com.reqres.requests.SingleUser" name="singleuser" time="1.931"/>
</testsuite> <!-- com.reqres.requests.SingleUser -->
