<?xml version="1.0" encoding="UTF-8"?>
<!-- Generated by org.testng.reporters.JUnitReportReporter -->
<testsuite hostname="DESKTOP-VCI8GB7" failures="0" tests="1" name="reqres.ListUser" time="0.039" errors="0" timestamp="06 May 2022 11:14:44 GMT" skipped="0">
  <testcase classname="reqres.ListUser" name="ListUsersOnPageTwo" time="0.039"/>
</testsuite> <!-- reqres.ListUser -->
