<?xml version="1.0" encoding="UTF-8"?>
<!-- Generated by org.testng.reporters.JUnitReportReporter -->
<testsuite hostname="DESKTOP-VCI8GB7" failures="0" tests="1" name="Contains" time="0.010" errors="0" timestamp="2022-06-16T09:51:11 IST" skipped="0">
  <testcase classname="Contains" name="contains" time="0.010"/>
  <system-out/>
</testsuite> <!-- Contains -->
