<?xml version="1.0" encoding="UTF-8"?>
<!-- Generated by org.testng.reporters.JUnitReportReporter -->
<testsuite hostname="DESKTOP-VCI8GB7" failures="0" tests="2" name="com.reqres.requests.Create" time="13.986" errors="0" timestamp="2022-05-29T13:04:15 IST" skipped="0">
  <testcase classname="com.reqres.requests.Create" name="create" time="8.404"/>
  <system-out/>
  <testcase classname="com.reqres.requests.Create" name="create" time="5.582"/>
  <system-out/>
</testsuite> <!-- com.reqres.requests.Create -->
