<?xml version="1.0" encoding="UTF-8"?>
<!-- Generated by org.testng.reporters.JUnitReportReporter -->
<testsuite hostname="DESKTOP-VCI8GB7" failures="0" tests="1" name="com.reqres.requests.ListResources" time="0.183" errors="0" timestamp="2022-08-17T15:00:21 IST" skipped="0">
  <testcase classname="com.reqres.requests.ListResources" name="listresources" time="0.183"/>
  <system-out/>
</testsuite> <!-- com.reqres.requests.ListResources -->
