<?xml version="1.0" encoding="UTF-8"?>
<!-- Generated by org.testng.reporters.JUnitReportReporter -->
<testsuite hostname="DESKTOP-VCI8GB7" failures="0" tests="1" name="CountCaharacterFromString" time="5.073" errors="0" timestamp="2022-08-16T12:01:07 IST" skipped="0">
  <testcase classname="CountCaharacterFromString" name="countcharfromstring" time="5.073"/>
  <system-out/>
</testsuite> <!-- CountCaharacterFromString -->
