<?xml version="1.0" encoding="UTF-8"?>
<!-- Generated by org.testng.reporters.JUnitReportReporter -->
<testsuite hostname="DESKTOP-VCI8GB7" failures="0" tests="1" name="stringOperations" time="0.016" errors="0" timestamp="2022-06-23T10:56:00 IST" skipped="0">
  <testcase classname="stringOperations" name="convert" time="0.016"/>
  <system-out/>
</testsuite> <!-- stringOperations -->
