<?xml version="1.0" encoding="UTF-8"?>
<!-- Generated by org.testng.reporters.JUnitReportReporter -->
<testsuite hostname="DESKTOP-VCI8GB7" failures="0" tests="1" name="Palindrome" time="0.016" errors="0" timestamp="2022-08-11T13:52:51 IST" skipped="0">
  <testcase classname="Palindrome" name="StringPalindrome" time="0.016"/>
  <system-out/>
</testsuite> <!-- Palindrome -->
