<?xml version="1.0" encoding="UTF-8"?>
<!-- Generated by org.testng.reporters.JUnitReportReporter -->
<testsuite hostname="DESKTOP-VCI8GB7" failures="0" tests="1" name="com.hcl.interview.Example" time="0.029" errors="0" timestamp="2022-07-16T11:05:02 IST" skipped="0">
  <testcase classname="com.hcl.interview.Example" name="test" time="0.029"/>
  <system-out/>
</testsuite> <!-- com.hcl.interview.Example -->
