<?xml version="1.0" encoding="UTF-8"?>
<!-- Generated by org.testng.reporters.JUnitReportReporter -->
<testsuite hostname="DESKTOP-VCI8GB7" failures="0" tests="1" name="driver" time="34.448" errors="0" timestamp="2022-07-11T13:16:51 IST" skipped="0">
  <testcase classname="driver" name="driverr" time="34.448"/>
  <system-out/>
</testsuite> <!-- driver -->
