<?xml version="1.0" encoding="UTF-8"?>
<!-- Generated by org.testng.reporters.JUnitReportReporter -->
<testsuite hostname="DESKTOP-VCI8GB7" failures="0" tests="1" name="datadriven.NewTest" time="0.002" errors="0" timestamp="2022-07-10T16:33:09 IST" skipped="0">
  <testcase classname="datadriven.NewTest" name="f" time="0.002"/>
  <system-out/>
</testsuite> <!-- datadriven.NewTest -->
