<?xml version="1.0" encoding="UTF-8"?>
<!-- Generated by org.testng.reporters.JUnitReportReporter -->
<testsuite hostname="DESKTOP-VCI8GB7" failures="0" tests="1" name="com.reqres.requests.SingleUserNotFound" time="0.863" errors="0" timestamp="08 May 2022 06:59:40 GMT" skipped="0">
  <testcase classname="com.reqres.requests.SingleUserNotFound" name="singleusernotfound" time="0.863"/>
</testsuite> <!-- com.reqres.requests.SingleUserNotFound -->
