<?xml version="1.0" encoding="UTF-8"?>
<!-- Generated by org.testng.reporters.JUnitReportReporter -->
<testsuite hostname="DESKTOP-VCI8GB7" failures="0" tests="1" name="Facebook" time="15.315" errors="0" timestamp="2022-08-05T11:44:03 IST" skipped="0">
  <testcase classname="Facebook" name="Facecebooktest" time="15.315"/>
  <system-out/>
</testsuite> <!-- Facebook -->
