<?xml version="1.0" encoding="UTF-8"?>
<!-- Generated by org.testng.reporters.JUnitReportReporter -->
<testsuite hostname="DESKTOP-VCI8GB7" failures="0" tests="1" name="com.reqres.requests.Update" time="2.938" errors="0" timestamp="08 May 2022 08:49:47 GMT" skipped="0">
  <testcase classname="com.reqres.requests.Update" name="update" time="2.938"/>
</testsuite> <!-- com.reqres.requests.Update -->
