<?xml version="1.0" encoding="UTF-8"?>
<!-- Generated by org.testng.reporters.JUnitReportReporter -->
<testsuite hostname="DESKTOP-VCI8GB7" failures="0" tests="1" name="com.reqres.requests.RegisterSuccessful" time="0.621" errors="0" timestamp="2022-05-29T13:04:15 IST" skipped="0">
  <testcase classname="com.reqres.requests.RegisterSuccessful" name="registersuccessful" time="0.621"/>
  <system-out/>
</testsuite> <!-- com.reqres.requests.RegisterSuccessful -->
