<?xml version="1.0" encoding="UTF-8"?>
<!-- Generated by org.testng.reporters.JUnitReportReporter -->
<testsuite hostname="DESKTOP-VCI8GB7" failures="0" tests="1" name="practice.ReadingFromExcel" time="1.167" errors="0" timestamp="2022-07-13T13:59:15 IST" skipped="0">
  <testcase classname="practice.ReadingFromExcel" name="ReadingFromMain" time="1.167"/>
  <system-out/>
</testsuite> <!-- practice.ReadingFromExcel -->
