<?xml version="1.0" encoding="UTF-8"?>
<!-- Generated by org.testng.reporters.JUnitReportReporter -->
<testsuite hostname="DESKTOP-VCI8GB7" failures="0" tests="1" name="com.reqres.requests.UpdatePut" time="0.654" errors="0" timestamp="2022-05-29T13:04:15 IST" skipped="0">
  <testcase classname="com.reqres.requests.UpdatePut" name="updatePut" time="0.654"/>
  <system-out/>
</testsuite> <!-- com.reqres.requests.UpdatePut -->
