<?xml version="1.0" encoding="UTF-8"?>
<!-- Generated by org.testng.reporters.JUnitReportReporter -->
<testsuite hostname="DESKTOP-VCI8GB7" failures="0" tests="1" name="Naukari" time="19.720" errors="0" timestamp="2022-08-11T13:42:49 IST" skipped="0">
  <testcase classname="Naukari" name="NaukariActions" time="19.720"/>
  <system-out/>
</testsuite> <!-- Naukari -->
