<?xml version="1.0" encoding="UTF-8"?>
<!-- Generated by org.testng.reporters.JUnitReportReporter -->
<testsuite hostname="DESKTOP-VCI8GB7" failures="0" tests="1" name="com.reqres.requests.ListUser" time="2.491" errors="0" timestamp="2022-08-17T15:00:21 IST" skipped="0">
  <testcase classname="com.reqres.requests.ListUser" name="ListUsersOnPageTwo" time="2.491"/>
  <system-out/>
</testsuite> <!-- com.reqres.requests.ListUser -->
