<?xml version="1.0" encoding="UTF-8"?>
<!-- Generated by org.testng.reporters.JUnitReportReporter -->
<testsuite hostname="DESKTOP-VCI8GB7" failures="0" tests="1" name="tenerity.DoSomething" time="0.033" errors="0" timestamp="2022-08-17T14:46:45 IST" skipped="0">
  <testcase classname="tenerity.DoSomething" name="numbergame" time="0.033"/>
  <system-out/>
</testsuite> <!-- tenerity.DoSomething -->
