<?xml version="1.0" encoding="UTF-8"?>
<!-- Generated by org.testng.reporters.JUnitReportReporter -->
<testsuite hostname="DESKTOP-VCI8GB7" failures="0" tests="1" name="YouTube" time="43.655" errors="0" timestamp="2022-08-13T22:11:11 IST" skipped="0">
  <testcase classname="YouTube" name="YouTubeVideo" time="43.655"/>
  <system-out/>
</testsuite> <!-- YouTube -->
