<?xml version="1.0" encoding="UTF-8"?>
<!-- Generated by org.testng.reporters.JUnitReportReporter -->
<testsuite hostname="DESKTOP-VCI8GB7" failures="0" tests="1" name="codes.Navigation" time="15.732" errors="0" timestamp="2022-08-08T16:21:07 IST" skipped="0">
  <testcase classname="codes.Navigation" name="doit" time="15.732"/>
  <system-out/>
</testsuite> <!-- codes.Navigation -->
