<?xml version="1.0" encoding="UTF-8"?>
<!-- Generated by org.testng.reporters.JUnitReportReporter -->
<testsuite hostname="DESKTOP-VCI8GB7" failures="0" tests="1" name="codes.Dropdown" time="10.260" errors="0" timestamp="2022-07-20T16:05:49 IST" skipped="0">
  <testcase classname="codes.Dropdown" name="test" time="10.260"/>
  <system-out/>
</testsuite> <!-- codes.Dropdown -->
