<?xml version="1.0" encoding="UTF-8"?>
<!-- Generated by org.testng.reporters.JUnitReportReporter -->
<testsuite hostname="DESKTOP-VCI8GB7" failures="0" tests="1" name="codes.sam" time="0.016" errors="0" timestamp="2022-08-03T15:41:53 IST" skipped="0">
  <testcase classname="codes.sam" name="doit" time="0.016"/>
  <system-out/>
</testsuite> <!-- codes.sam -->
