<?xml version="1.0" encoding="UTF-8"?>
<!-- Generated by org.testng.reporters.JUnitReportReporter -->
<testsuite hostname="DESKTOP-VCI8GB7" failures="0" tests="1" name="com.reqres.requests.Create" time="8.262" errors="0" timestamp="2022-07-06T12:41:04 IST" skipped="0">
  <testcase classname="com.reqres.requests.Create" name="create" time="8.262"/>
  <system-out/>
</testsuite> <!-- com.reqres.requests.Create -->
