<?xml version="1.0" encoding="UTF-8"?>
<!-- Generated by org.testng.reporters.JUnitReportReporter -->
<testsuite hostname="DESKTOP-VCI8GB7" failures="0" tests="1" name="com.reqres.requests.ListUser" time="0.281" errors="0" timestamp="2022-05-29T13:00:33 IST" skipped="0">
  <testcase classname="com.reqres.requests.ListUser" name="ListUsersOnPageTwo" time="0.281"/>
  <system-out/>
</testsuite> <!-- com.reqres.requests.ListUser -->
