<?xml version="1.0" encoding="UTF-8"?>
<!-- Generated by org.testng.reporters.JUnitReportReporter -->
<testsuite hostname="DESKTOP-VCI8GB7" failures="0" tests="1" name="com.reqres.requests.Delete" time="0.949" errors="0" timestamp="2022-05-29T13:00:33 IST" skipped="0">
  <testcase classname="com.reqres.requests.Delete" name="delete" time="0.949"/>
  <system-out/>
</testsuite> <!-- com.reqres.requests.Delete -->
